Mono runtime detected.
Operating system: Unix 5.11.0.1
Opening INI file "/home/kramlat/Desktop/rom hacks/s2disasm-master/SonLVL INI Files/SonLVL.ini"...
Game type is S2.
Loading Scrap Brain Zone Act 3...
Loading 16x16 blocks from file "../mappings/16x16/LZ.bin", using compression Kosinski...
Loading 128x128 chunks from file "../mappings/128x128/LZ.bin", using compression Kosinski...
Loading 8x8 tiles from file "../art/kosinski/LZ.bin", using compression Kosinski...
Loading palette file "../art/palettes/SonicAndTails.bin"...
Source: 0 Destination: 0 Length: 16
Loading palette file "../art/palettes/SBZ Act 3.bin"...
Source: 0 Destination: 16 Length: 48
Loading palette file "../art/palettes/SBZ Act 3 underwater.bin"...
Source: 0 Destination: 0 Length: 64
Loading layout from file "../level/layout/SBZ_3.bin", using compression Kosinski...
Loading layout from file "../level/layout/LZ_1.bin", using compression Kosinski...
Loading layout from file "../level/layout/LZ_2.bin", using compression Kosinski...
Loading layout from file "../level/layout/LZ_3.bin", using compression Kosinski...
Loading object definition file "obj.ini".
Loading object definition file "objEHZ.ini".
Loading ObjectDefinition type S2ObjectDefinitions.Common.PathSwapper from "Common/PathSwapper.cs"...
Loading ObjectDefinition type S2ObjectDefinitions.EHZ.Bridge from "EHZ/Bridge.cs"...
Loading ObjectDefinition type S2ObjectDefinitions.EHZ.TwistingPathway from "EHZ/TwistingPathway.cs"...
Loading ObjectDefinition type S2ObjectDefinitions.Common.InvisibleBlock from "Common/InvisibleBlock.cs"...
Loading type from cached assembly "dllcache/S2ObjectDefinitions.Common.PathSwapper.dll"...
Loading type from cached assembly "dllcache/S2ObjectDefinitions.EHZ.Bridge.dll"...
Loading type from cached assembly "dllcache/S2ObjectDefinitions.Common.InvisibleBlock.dll"...
Loading type from cached assembly "dllcache/S2ObjectDefinitions.EHZ.TwistingPathway.dll"...
Loading type from cached assembly "dllcache/S2ObjectDefinitions.Common.Spikes.dll"...
Loading objects from file "../level/objects/SBZ_3.bin", using compression Uncompressed...
Loading rings from file "../level/rings/SBZ_3.bin", using compression Uncompressed...
Loading start position "Level Start" from file "../startpos/SBZ_3.bin"...
Drawing block bitmaps...
Drawing chunk bitmaps...
Level loaded in 1.0626831 second(s).
Load completed.
Saving Scrap Brain Zone Act 3...
Loading Green Hill Zone Act 1...
Loading 16x16 blocks from file "../mappings/16x16/GHZ.bin", using compression Kosinski...
Loading 8x8 tiles from file "../art/kosinski/GHZ.bin", using compression Kosinski...
Loading layout from file "../level/layout/GHZ_1.bin", using compression Kosinski...
Loading 128x128 chunks from file "../mappings/128x128/GHZ.bin", using compression Kosinski...
Loading palette file "../art/palettes/SonicAndTails.bin"...
Source: 0 Destination: 0 Length: 16
Loading palette file "../art/palettes/GHZ.bin"...
Source: 0 Destination: 16 Length: 48
Loading layout from file "../level/layout/GHZ_2.bin", using compression Kosinski...
Loading layout from file "../level/layout/GHZ_3.bin", using compression Kosinski...
Loading object definition file "obj.ini".
Loading object definition file "objEHZ.ini".
Loading ObjectDefinition type S2ObjectDefinitions.Common.PathSwapper from "Common/PathSwapper.cs"...
Loading type from cached assembly "dllcache/S2ObjectDefinitions.Common.PathSwapper.dll"...
Loading ObjectDefinition type S2ObjectDefinitions.EHZ.TwistingPathway from "EHZ/TwistingPathway.cs"...
Loading ObjectDefinition type S2ObjectDefinitions.Common.InvisibleBlock from "Common/InvisibleBlock.cs"...
Loading ObjectDefinition type S2ObjectDefinitions.EHZ.Bridge from "EHZ/Bridge.cs"...
Loading type from cached assembly "dllcache/S2ObjectDefinitions.EHZ.TwistingPathway.dll"...
Loading type from cached assembly "dllcache/S2ObjectDefinitions.Common.InvisibleBlock.dll"...
Loading type from cached assembly "dllcache/S2ObjectDefinitions.EHZ.Bridge.dll"...
Loading type from cached assembly "dllcache/S2ObjectDefinitions.Common.Spikes.dll"...
Loading start position "Level Start" from file "../startpos/GHZ_1.bin"...
Loading rings from file "../level/rings/GHZ_1.bin", using compression Uncompressed...
Loading objects from file "../level/objects/GHZ_1.bin", using compression Uncompressed...
Drawing block bitmaps...
Drawing chunk bitmaps...
Level loaded in 1.0367084 second(s).
Load completed.
Saving Green Hill Zone Act 1...
Loading Spring Yard Zone Act 1...
Loading palette file "../art/palettes/SonicAndTails.bin"...
Source: 0 Destination: 0 Length: 16
Loading 8x8 tiles from file "../art/kosinski/SYZ.bin", using compression Kosinski...
Loading 128x128 chunks from file "../mappings/128x128/SYZ.bin", using compression Kosinski...
Loading layout from file "../level/layout/SYZ_1.bin", using compression Kosinski...
Loading 16x16 blocks from file "../mappings/16x16/SYZ.bin", using compression Kosinski...
Loading palette file "../art/palettes/SYZ.bin"...
Source: 0 Destination: 16 Length: 48
Loading layout from file "../level/layout/SYZ_2.bin", using compression Kosinski...
Loading layout from file "../level/layout/SYZ_3.bin", using compression Kosinski...
Loading object definition file "obj.ini".
Loading object definition file "objEHZ.ini".
Loading ObjectDefinition type S2ObjectDefinitions.Common.PathSwapper from "Common/PathSwapper.cs"...
Loading type from cached assembly "dllcache/S2ObjectDefinitions.Common.PathSwapper.dll"...
Loading ObjectDefinition type S2ObjectDefinitions.Common.InvisibleBlock from "Common/InvisibleBlock.cs"...
Loading type from cached assembly "dllcache/S2ObjectDefinitions.Common.InvisibleBlock.dll"...
Loading ObjectDefinition type S2ObjectDefinitions.EHZ.TwistingPathway from "EHZ/TwistingPathway.cs"...
Loading type from cached assembly "dllcache/S2ObjectDefinitions.EHZ.TwistingPathway.dll"...
Loading ObjectDefinition type S2ObjectDefinitions.EHZ.Bridge from "EHZ/Bridge.cs"...
Loading type from cached assembly "dllcache/S2ObjectDefinitions.EHZ.Bridge.dll"...
Loading type from cached assembly "dllcache/S2ObjectDefinitions.Common.Spikes.dll"...
Loading objects from file "../level/objects/SYZ_1.bin", using compression Uncompressed...
Loading rings from file "../level/rings/SYZ_1.bin", using compression Uncompressed...
Loading start position "Level Start" from file "../startpos/SYZ_1.bin"...
Drawing block bitmaps...
Drawing chunk bitmaps...
Level loaded in 0.9314548 second(s).
Load completed.
System.IndexOutOfRangeException: Index was outside the bounds of the array.
  at SonicRetro.SonLVL.GUI.MainForm.TilePicture_MouseDown (System.Object sender, System.Windows.Forms.MouseEventArgs e) [0x00047] in <565791f913a14835ae7a48a8bfc1a813>:0 
  at System.Windows.Forms.Control.OnMouseDown (System.Windows.Forms.MouseEventArgs e) [0x00019] in <4b6c441381804088ab0fff508a3fbabf>:0 
  at System.Windows.Forms.Control.WmLButtonDown (System.Windows.Forms.Message& m) [0x0008b] in <4b6c441381804088ab0fff508a3fbabf>:0 
  at System.Windows.Forms.Control.WndProc (System.Windows.Forms.Message& m) [0x001bc] in <4b6c441381804088ab0fff508a3fbabf>:0 
  at System.Windows.Forms.ScrollableControl.WndProc (System.Windows.Forms.Message& m) [0x00000] in <4b6c441381804088ab0fff508a3fbabf>:0 
  at System.Windows.Forms.Control+ControlWindowTarget.OnMessage (System.Windows.Forms.Message& m) [0x00000] in <4b6c441381804088ab0fff508a3fbabf>:0 
  at System.Windows.Forms.Control+ControlNativeWindow.WndProc (System.Windows.Forms.Message& m) [0x0000b] in <4b6c441381804088ab0fff508a3fbabf>:0 
  at System.Windows.Forms.NativeWindow.WndProc (System.IntPtr hWnd, System.Windows.Forms.Msg msg, System.IntPtr wParam, System.IntPtr lParam) [0x00085] in <4b6c441381804088ab0fff508a3fbabf>:0 
